mode: set
user/dao/FriendsDao.go:33.64,35.2 1 0
user/dao/FriendsDao.go:37.141,50.16 7 0
user/dao/FriendsDao.go:50.16,52.3 1 0
user/dao/FriendsDao.go:53.2,53.18 1 0
user/dao/FriendsDao.go:56.100,63.16 6 0
user/dao/FriendsDao.go:63.16,65.3 1 0
user/dao/FriendsDao.go:66.2,66.19 1 0
user/dao/FriendsDao.go:69.119,75.16 5 0
user/dao/FriendsDao.go:75.16,77.3 1 0
user/dao/FriendsDao.go:78.2,78.18 1 0
user/dao/FriendsDao.go:81.84,87.16 5 0
user/dao/FriendsDao.go:87.16,89.3 1 0
user/dao/FriendsDao.go:90.2,90.19 1 0
user/dao/FriendsDao.go:93.78,114.68 6 0
user/dao/FriendsDao.go:114.68,117.3 2 0
user/dao/FriendsDao.go:118.2,118.68 1 0
user/dao/FriendsDao.go:118.68,121.3 2 0
user/dao/FriendsDao.go:122.2,123.12 2 0
user/dao/UserDao.go:33.58,35.2 1 0
user/dao/UserDao.go:37.75,43.2 4 0
user/dao/UserDao.go:45.78,51.16 5 0
user/dao/UserDao.go:51.16,53.3 1 0
user/dao/UserDao.go:54.2,54.19 1 0
user/dao/UserDao.go:57.89,63.16 5 0
user/dao/UserDao.go:63.16,65.3 1 0
user/dao/UserDao.go:66.2,66.19 1 0
user/dao/UserDao.go:69.66,74.2 3 0
user/dao/UserDao.go:76.100,81.2 3 0
user/model/Friends.go:11.35,13.2 1 0
user/model/User.go:20.32,22.2 1 0
user/pkg/config/config.go:16.13,18.16 2 1
user/pkg/config/config.go:18.16,19.21 1 0
user/pkg/config/config.go:21.2,23.60 3 1
user/pkg/config/config.go:23.60,24.21 1 0
user/pkg/config/config.go:28.38,30.17 2 1
user/pkg/config/config.go:30.17,32.3 1 0
user/pkg/config/config.go:33.2,33.33 1 1
user/pkg/logger/GormLogger.go:16.78,19.2 2 0
user/pkg/logger/GormLogger.go:21.81,23.2 1 0
user/pkg/logger/GormLogger.go:25.81,27.2 1 0
user/pkg/logger/GormLogger.go:29.82,31.2 1 0
user/pkg/logger/GormLogger.go:33.104,36.16 3 0
user/pkg/logger/GormLogger.go:36.16,38.3 1 0
user/pkg/logger/GormLogger.go:38.8,40.3 1 0
user/pkg/logger/Logger.go:37.34,38.49 1 1
user/pkg/logger/Logger.go:39.15,40.28 1 1
user/pkg/logger/Logger.go:41.14,42.27 1 1
user/pkg/logger/Logger.go:43.14,44.27 1 1
user/pkg/logger/Logger.go:45.15,46.28 1 1
user/pkg/logger/Logger.go:47.10,48.27 1 1
user/pkg/logger/Logger.go:52.32,58.2 5 1
user/pkg/logger/Logger.go:60.47,62.2 1 1
user/pkg/logger/Logger.go:64.63,66.2 1 0
user/pkg/logger/Logger.go:68.48,70.2 1 0
user/pkg/logger/Logger.go:72.64,74.2 1 0
user/pkg/logger/Logger.go:76.48,78.2 1 0
user/pkg/logger/Logger.go:80.64,82.2 1 0
user/pkg/logger/Logger.go:84.47,86.2 1 0
user/pkg/logger/Logger.go:88.63,90.2 1 0
user/pkg/logger/Logger.go:93.34,95.2 1 0
user/pkg/logger/Logger.go:97.35,99.89 2 1
user/pkg/logger/Logger.go:99.89,101.3 1 1
user/pkg/logger/Logger.go:102.2,103.46 2 1
user/pkg/logger/Logger.go:106.41,116.2 2 1
user/pkg/util/JsonTime.go:22.53,23.28 1 0
user/pkg/util/JsonTime.go:23.28,25.3 1 0
user/pkg/util/JsonTime.go:26.2,33.12 6 0
user/pkg/util/JsonTime.go:36.49,38.28 2 1
user/pkg/util/JsonTime.go:38.28,40.3 1 1
user/pkg/util/JsonTime.go:41.2,41.31 1 1
user/pkg/util/JsonTime.go:44.49,48.2 2 0
user/pkg/util/JsonTime.go:50.46,51.24 1 0
user/pkg/util/JsonTime.go:52.17,54.20 1 0
user/pkg/util/JsonTime.go:55.10,56.42 1 0
user/pkg/util/JsonTime.go:58.2,58.12 1 0
user/pkg/util/JsonTime.go:61.36,63.2 1 0
user/pkg/util/net.go:23.36,25.2 1 1
user/pkg/util/net.go:27.47,29.2 1 1
user/pkg/util/net.go:31.69,33.2 1 0
user/pkg/util/net.go:45.85,50.2 4 0
user/pkg/util/net.go:52.77,57.2 4 0
user/service/FriendsServer.go:11.59,15.35 3 1
user/service/FriendsServer.go:15.35,16.53 1 0
user/service/FriendsServer.go:16.53,18.4 1 0
user/service/FriendsServer.go:20.2,20.42 1 1
user/service/FriendsServer.go:20.42,21.54 1 0
user/service/FriendsServer.go:21.54,23.22 2 0
user/service/FriendsServer.go:23.22,25.5 1 0
user/service/FriendsServer.go:28.2,28.8 1 1
user/service/FriendsServer.go:31.51,33.18 2 1
user/service/FriendsServer.go:33.18,36.3 2 1
user/service/FriendsServer.go:37.2,38.16 2 1
user/service/FriendsServer.go:38.16,41.3 2 0
user/service/FriendsServer.go:43.2,44.21 2 1
user/service/FriendsServer.go:44.21,47.3 2 0
user/service/FriendsServer.go:49.2,50.16 2 1
user/service/FriendsServer.go:50.16,53.3 2 1
user/service/FriendsServer.go:54.2,57.40 3 1
user/service/FriendsServer.go:57.40,59.36 2 1
user/service/FriendsServer.go:59.36,62.4 2 1
user/service/FriendsServer.go:63.3,63.16 1 1
user/service/FriendsServer.go:65.2,65.33 1 1
user/service/FriendsServer.go:65.33,67.3 1 0
user/service/FriendsServer.go:68.2,74.16 5 1
user/service/FriendsServer.go:74.16,77.3 2 0
user/service/FriendsServer.go:79.2,80.16 2 1
user/service/FriendsServer.go:80.16,83.3 2 0
user/service/FriendsServer.go:85.2,91.4 1 1
user/service/FriendsServer.go:94.50,96.18 2 1
user/service/FriendsServer.go:96.18,99.3 2 1
user/service/FriendsServer.go:100.2,101.16 2 1
user/service/FriendsServer.go:101.16,104.3 2 0
user/service/FriendsServer.go:106.2,107.21 2 1
user/service/FriendsServer.go:107.21,110.3 2 0
user/service/FriendsServer.go:112.2,113.16 2 1
user/service/FriendsServer.go:113.16,116.3 2 1
user/service/FriendsServer.go:118.2,122.16 4 1
user/service/FriendsServer.go:122.16,125.3 2 0
user/service/FriendsServer.go:127.2,128.16 2 1
user/service/FriendsServer.go:128.16,131.3 2 0
user/service/FriendsServer.go:133.2,139.4 1 1
user/service/FriendsServer.go:142.45,146.54 3 1
user/service/FriendsServer.go:146.54,149.3 2 0
user/service/FriendsServer.go:150.2,150.41 1 1
user/service/FriendsServer.go:150.41,153.3 2 1
user/service/FriendsServer.go:155.2,158.21 3 1
user/service/FriendsServer.go:158.21,161.3 2 0
user/service/FriendsServer.go:163.2,166.16 3 1
user/service/FriendsServer.go:166.16,169.3 2 1
user/service/FriendsServer.go:171.2,172.16 2 1
user/service/FriendsServer.go:172.16,175.3 2 1
user/service/FriendsServer.go:177.2,178.16 2 1
user/service/FriendsServer.go:178.16,181.3 2 1
user/service/FriendsServer.go:182.2,187.4 2 1
user/service/ResponseHandler.go:16.88,19.19 3 0
user/service/ResponseHandler.go:19.19,21.3 1 0
user/service/ResponseHandler.go:22.2,22.33 1 0
user/service/ResponseHandler.go:25.54,26.30 1 0
user/service/ResponseHandler.go:26.30,31.28 4 0
user/service/ResponseHandler.go:31.28,35.4 3 0
user/service/ResponseHandler.go:37.3,39.136 3 0
user/service/ResponseHandler.go:43.39,44.14 1 1
user/service/ResponseHandler.go:45.32,46.31 1 1
user/service/ResponseHandler.go:47.32,48.33 1 1
user/service/ResponseHandler.go:49.40,50.30 1 1
user/service/ResponseHandler.go:51.10,52.40 1 1
user/service/ResponseHandler.go:56.69,62.19 6 1
user/service/ResponseHandler.go:62.19,64.3 1 0
user/service/ResponseHandler.go:65.2,66.67 2 1
user/service/ResponseHandler.go:69.91,71.2 1 0
user/service/ResponseHandler.go:73.67,75.2 1 1
user/service/ResponseHandler.go:77.43,79.2 1 1
user/service/ResponseHandler.go:81.42,83.16 2 1
user/service/ResponseHandler.go:83.16,86.3 2 1
user/service/ResponseHandler.go:87.2,90.4 1 0
user/service/Routes.go:9.40,31.2 19 0
user/service/Routes.go:31.2,40.3 7 0
user/service/Routes.go:49.2,49.10 1 0
user/service/Service.go:23.95,29.2 1 1
user/service/UserService.go:14.53,16.15 2 1
user/service/UserService.go:16.15,18.3 1 0
user/service/UserService.go:19.2,19.17 1 1
user/service/UserService.go:22.35,23.40 1 1
user/service/UserService.go:23.40,25.3 1 0
user/service/UserService.go:26.2,26.70 1 1
user/service/UserService.go:29.43,31.18 2 1
user/service/UserService.go:31.18,34.3 2 1
user/service/UserService.go:35.2,36.16 2 1
user/service/UserService.go:36.16,39.3 2 1
user/service/UserService.go:40.2,41.16 2 1
user/service/UserService.go:41.16,44.3 2 1
user/service/UserService.go:45.2,45.30 1 1
user/service/UserService.go:48.46,52.54 3 1
user/service/UserService.go:52.54,55.3 2 0
user/service/UserService.go:56.2,56.41 1 1
user/service/UserService.go:56.41,59.3 2 1
user/service/UserService.go:61.2,62.16 2 1
user/service/UserService.go:62.16,65.3 2 0
user/service/UserService.go:67.2,77.45 2 1
user/service/UserService.go:77.45,80.3 2 1
user/service/UserService.go:82.2,83.16 2 1
user/service/UserService.go:83.16,86.3 2 1
user/service/UserService.go:87.2,90.16 3 1
user/service/UserService.go:90.16,93.3 2 0
user/service/UserService.go:94.2,94.26 1 1
user/service/UserService.go:97.46,99.18 2 1
user/service/UserService.go:99.18,102.3 2 0
user/service/UserService.go:103.2,104.16 2 1
user/service/UserService.go:104.16,107.3 2 1
user/service/UserService.go:109.2,110.21 2 1
user/service/UserService.go:110.21,113.3 2 0
user/service/UserService.go:115.2,116.16 2 1
user/service/UserService.go:116.16,119.3 2 1
user/service/UserService.go:120.2,120.35 1 1
user/service/UserService.go:123.46,127.54 3 1
user/service/UserService.go:127.54,130.3 2 0
user/service/UserService.go:131.2,131.41 1 1
user/service/UserService.go:131.41,134.3 2 1
user/service/UserService.go:135.2,138.21 3 1
user/service/UserService.go:138.21,141.3 2 0
user/service/UserService.go:143.2,147.42 4 1
user/service/UserService.go:147.42,149.3 1 1
user/service/UserService.go:150.2,150.41 1 1
user/service/UserService.go:150.41,152.3 1 0
user/service/UserService.go:153.2,153.45 1 1
user/service/UserService.go:153.45,155.3 1 1
user/service/UserService.go:156.2,156.49 1 1
user/service/UserService.go:156.49,158.3 1 0
user/service/UserService.go:160.2,161.9 2 1
user/service/UserService.go:161.9,163.3 1 1
user/service/UserService.go:164.2,165.9 2 1
user/service/UserService.go:165.9,167.3 1 1
user/service/UserService.go:168.2,168.57 1 1
user/service/UserService.go:168.57,171.3 2 1
user/service/UserService.go:173.2,174.16 2 1
user/service/UserService.go:174.16,177.3 2 1
user/service/UserService.go:178.2,179.16 2 1
user/service/UserService.go:179.16,182.3 2 0
user/service/UserService.go:183.2,183.26 1 1
user/service/auth.go:20.25,22.20 2 1
user/service/auth.go:22.20,23.97 1 0
user/service/auth.go:25.2,25.18 1 1
user/service/auth.go:28.61,39.2 3 1
user/service/auth.go:41.64,42.97 1 1
user/service/auth.go:42.97,44.3 1 1
user/service/auth.go:45.2,45.16 1 1
user/service/auth.go:45.16,47.3 1 1
user/service/auth.go:48.2,49.25 2 1
user/service/auth.go:49.25,51.3 1 0
user/service/auth.go:52.2,52.20 1 1
user/service/auth.go:60.41,64.54 3 1
user/service/auth.go:64.54,67.3 2 0
user/service/auth.go:68.2,68.41 1 1
user/service/auth.go:68.41,71.3 2 1
user/service/auth.go:73.2,74.16 2 1
user/service/auth.go:74.16,77.3 2 1
user/service/auth.go:79.2,79.49 1 1
user/service/auth.go:79.49,83.3 3 1
user/service/auth.go:85.2,87.16 3 1
user/service/auth.go:87.16,90.3 2 0
user/service/auth.go:92.2,92.63 1 1
user/service/auth_helper.go:5.52,8.2 2 1
user/service/auth_helper.go:10.48,12.2 1 1
user/service/dbmetrics.go:22.56,66.2 1 0
user/service/dbmetrics.go:68.65,77.2 8 0
user/service/dbmetrics.go:79.65,90.2 9 0
user/service/dbmetrics.go:92.36,94.2 1 0
user/service/metrics.go:61.13,64.2 2 1
user/service/metrics.go:66.39,68.30 2 0
user/service/metrics.go:68.30,70.3 1 0
user/service/metrics.go:73.42,74.30 1 0
user/service/metrics.go:74.30,76.17 2 0
user/service/metrics.go:76.17,78.4 1 0
user/service/metrics.go:80.3,88.20 7 0
user/service/middleware.go:22.43,25.2 2 1
user/service/middleware.go:27.34,28.30 1 0
user/service/middleware.go:28.30,30.15 2 0
user/service/middleware.go:30.15,32.4 1 0
user/service/middleware.go:33.3,35.11 3 0
user/service/middleware.go:39.50,40.30 1 1
user/service/middleware.go:40.30,42.56 2 1
user/service/middleware.go:42.56,46.4 3 1
user/service/middleware.go:47.3,49.17 3 1
user/service/middleware.go:49.17,53.4 3 1
user/service/middleware.go:54.3,56.11 3 1
user/service/middleware.go:60.29,62.61 2 1
user/service/middleware.go:62.61,63.41 1 1
user/service/middleware.go:63.41,65.4 1 1
user/service/middleware.go:68.2,68.30 1 1
user/service/middleware.go:68.30,70.21 2 1
user/service/middleware.go:70.21,72.4 1 1
user/service/middleware.go:72.9,73.56 1 0
user/service/middleware.go:73.56,75.44 2 0
user/service/middleware.go:75.44,77.11 2 0
user/service/middleware.go:81.3,84.36 3 1
user/service/middleware.go:84.36,87.4 2 1
user/service/middleware.go:88.3,88.11 1 1
user/service/middleware.go:94.36,95.30 1 0
user/service/middleware.go:95.30,96.44 1 0
user/service/middleware.go:96.44,102.4 2 0
user/service/middleware.go:103.3,103.11 1 0
user/service/middleware.go:107.60,108.30 1 0
user/service/middleware.go:108.30,113.3 4 0
user/service/middleware.go:116.40,117.30 1 1
user/service/middleware.go:117.30,123.27 6 1
user/service/middleware.go:123.27,125.4 1 0
user/service/middleware.go:126.3,126.11 1 1
user/service/middleware.go:142.66,148.12 2 1
user/service/middleware.go:148.12,151.22 3 1
user/service/middleware.go:151.22,153.35 2 1
user/service/middleware.go:153.35,154.40 1 1
user/service/middleware.go:154.40,156.6 1 1
user/service/middleware.go:158.4,158.18 1 1
user/service/middleware.go:161.2,161.11 1 1
user/service/middleware.go:164.46,169.9 4 1
user/service/middleware.go:169.9,172.3 2 1
user/service/middleware.go:174.2,174.40 1 1
user/service/middleware.go:174.40,178.3 3 0
user/service/middleware.go:180.2,182.27 3 1
user/service/middleware.go:185.59,186.30 1 1
user/service/middleware.go:186.30,188.20 2 1
user/service/middleware.go:188.20,194.4 2 0
user/service/middleware.go:195.3,195.11 1 1
user/service/middleware.go:199.64,200.30 1 0
user/service/middleware.go:200.30,202.14 2 0
user/service/middleware.go:202.14,206.4 3 0
user/service/middleware.go:207.3,208.10 2 0
user/service/middleware.go:208.10,212.4 3 0
user/service/middleware.go:213.3,213.27 1 0
user/service/middleware.go:213.27,214.20 1 0
user/service/middleware.go:214.20,217.5 2 0
user/service/middleware.go:219.3,220.12 2 0
user/service/middleware.go:224.46,225.30 1 0
user/service/middleware.go:225.30,230.33 4 0
user/service/middleware.go:230.33,232.4 1 0
user/service/middleware.go:234.3,243.20 9 0
user/service/middleware.go:243.20,245.4 1 0
user/service/middleware.go:246.3,246.67 1 0
user/service/request.go:32.41,33.45 1 1
user/service/request.go:33.45,34.53 1 1
user/service/request.go:34.53,35.25 1 1
user/service/request.go:35.25,38.5 2 1
user/service/request.go:40.3,40.66 1 0
user/service/request.go:42.2,42.12 1 1
user/service/tracing.go:21.56,23.20 2 0
user/service/tracing.go:23.20,28.3 1 0
user/service/tracing.go:29.2,29.59 1 0
user/service/tracing.go:32.27,35.13 3 0
user/service/tracing.go:35.13,37.3 1 0
user/service/tracing.go:38.2,39.16 2 0
user/service/tracing.go:39.16,41.3 1 0
user/service/tracing.go:42.2,42.20 1 0
user/service/tracing.go:42.20,44.3 1 0
user/service/tracing.go:45.2,45.10 1 0
user/service/tracing.go:48.79,50.16 2 0
user/service/tracing.go:50.16,52.3 1 0
user/service/tracing.go:54.2,63.16 3 0
user/service/tracing.go:66.60,68.2 1 0
user/service/tracing.go:70.53,72.26 2 1
user/service/tracing.go:72.26,74.3 1 0
user/service/tracing.go:75.2,75.11 1 1
user/service/tracing.go:78.52,80.25 2 1
user/service/tracing.go:80.25,82.3 1 0
user/service/tracing.go:83.2,83.11 1 1
